Microsoft HTML Help Compiler 4.74.8702

Compiling e:\ys\Episode\CSharp\Archer\Documentation\Archer.chm

HHC3004: Warning: 2-Parameter.html : The HTML tag "", "^", "" is not a valid HTML tag (it does not begin with an alphanumeric character).

Compile time: 0 minutes, 1 second
5	Topics
11	Local links
2	Internet links
0	Graphics


Created e:\ys\Episode\CSharp\Archer\Documentation\Archer.chm, 52,951 bytes
Compression decreased file by 56,428 bytes.
Microsoft HTML Help Compiler 4.74.8702

Compiling e:\ys\Episode\CSharp\Archer\Documentation\Archer.chm

HHC3004: Warning: 2-Parameter.html : The HTML tag "", "^", "" is not a valid HTML tag (it does not begin with an alphanumeric character).

Compile time: 0 minutes, 1 second
5	Topics
11	Local links
2	Internet links
0	Graphics


Created e:\ys\Episode\CSharp\Archer\Documentation\Archer.chm, 52,951 bytes
Compression decreased file by 56,428 bytes.
HHC5010: Error: Cannot open "e:\ys\Episode\CSharp\Archer\Documentation\Archer.chm". Compilation stopped.
Microsoft HTML Help Compiler 4.74.8702

Compiling e:\ys\Episode\CSharp\Archer\Documentation\Archer.chm

HHC3004: Warning: 2-Parameter.html : The HTML tag "", "^", "" is not a valid HTML tag (it does not begin with an alphanumeric character).

Compile time: 0 minutes, 1 second
5	Topics
11	Local links
2	Internet links
1	Graphic


Created e:\ys\Episode\CSharp\Archer\Documentation\Archer.chm, 406,449 bytes
Compression decreased file by 62,271 bytes.
Microsoft HTML Help Compiler 4.74.8702

Compiling e:\ys\Episode\CSharp\Archer\Documentation\Archer.chm

HHC3004: Warning: 2-Parameter.html : The HTML tag "", "^", "" is not a valid HTML tag (it does not begin with an alphanumeric character).

Compile time: 0 minutes, 1 second
5	Topics
11	Local links
2	Internet links
0	Graphics


Created e:\ys\Episode\CSharp\Archer\Documentation\Archer.chm, 52,893 bytes
Compression decreased file by 56,274 bytes.
Microsoft HTML Help Compiler 4.74.8702

Compiling e:\ys\Episode\CSharp\Archer\Documentation\Archer.chm

HHC3004: Warning: 2-Parameter.html : The HTML tag "", "^", "" is not a valid HTML tag (it does not begin with an alphanumeric character).

Compile time: 0 minutes, 1 second
5	Topics
11	Local links
2	Internet links
0	Graphics


Created e:\ys\Episode\CSharp\Archer\Documentation\Archer.chm, 52,897 bytes
Compression decreased file by 56,270 bytes.
Microsoft HTML Help Compiler 4.74.8702

Compiling e:\ys\Episode\CSharp\Archer\Documentation\Archer.chm

HHC3004: Warning: 2-Parameter.html : The HTML tag "", "^", "" is not a valid HTML tag (it does not begin with an alphanumeric character).

Compile time: 0 minutes, 1 second
5	Topics
11	Local links
2	Internet links
1	Graphic


Created e:\ys\Episode\CSharp\Archer\Documentation\Archer.chm, 54,003 bytes
Compression decreased file by 56,541 bytes.
